[2026-01-23 12:06:11] [INFO] OTP sent to: admin@eduardo-desul-immobilier.fr
[2026-01-23 12:06:29] [INFO] Successful login for: admin@eduardo-desul-immobilier.fr
[2026-01-23 12:29:12] [INFO] OTP sent to: admin@eduardo-desul-immobilier.fr
[2026-01-23 12:29:31] [INFO] Successful login for: admin@eduardo-desul-immobilier.fr
[2026-01-23 12:54:53] [INFO] OTP sent to: admin@eduardo-desul-immobilier.fr
[2026-01-23 12:55:04] [INFO] Successful login for: admin@eduardo-desul-immobilier.fr
[2026-01-23 12:58:54] [INFO] OTP sent to: admin@eduardo-desul-immobilier.fr
[2026-01-23 12:59:04] [INFO] Successful login for: admin@eduardo-desul-immobilier.fr
[2026-01-23 13:00:15] [INFO] OTP sent to: admin@eduardo-desul-immobilier.fr
[2026-01-23 13:00:29] [INFO] Successful login for: admin@eduardo-desul-immobilier.fr
[2026-01-23 20:58:54] [INFO] OTP sent to: admin@eduardo-desul-immobilier.fr
[2026-01-23 20:59:17] [INFO] Successful login for: admin@eduardo-desul-immobilier.fr
[2026-01-24 00:41:03] [INFO] OTP sent to: admin@eduardo-desul-immobilier.fr
[2026-01-24 00:41:18] [INFO] Successful login for: admin@eduardo-desul-immobilier.fr
[2026-01-24 02:59:00] [INFO] OTP sent to: admin@eduardo-desul-immobilier.fr
[2026-01-24 02:59:22] [INFO] Successful login for: admin@eduardo-desul-immobilier.fr
[2026-01-24 12:05:28] [INFO] OTP sent to: admin@eduardo-desul-immobilier.fr
[2026-01-24 12:06:05] [INFO] Successful login for: admin@eduardo-desul-immobilier.fr
[2026-01-24 17:52:22] [INFO] OTP sent to: admin@eduardo-desul-immobilier.fr
[2026-01-24 17:52:36] [INFO] Successful login for: admin@eduardo-desul-immobilier.fr
[2026-01-25 02:36:46] [INFO] OTP sent to: admin@eduardo-desul-immobilier.fr
[2026-01-25 02:37:01] [INFO] Successful login for: admin@eduardo-desul-immobilier.fr
[2026-01-25 13:46:15] [INFO] OTP sent to: admin@eduardo-desul-immobilier.fr
[2026-01-25 13:46:29] [INFO] Successful login for: admin@eduardo-desul-immobilier.fr
[2026-01-25 22:59:36] [WARNING] Unauthorized login attempt: admin@estimation-immobilier-bordeaux.fr
[2026-01-25 22:59:46] [INFO] OTP sent to: admin@eduardo-desul-immobilier.fr
[2026-01-25 22:59:59] [INFO] Successful login for: admin@eduardo-desul-immobilier.fr
[2026-01-26 00:04:10] [INFO] OTP sent to: admin@eduardo-desul-immobilier.fr
[2026-01-26 00:04:54] [INFO] Successful login for: admin@eduardo-desul-immobilier.fr
[2026-01-26 03:52:13] [INFO] OTP sent to: admin@eduardo-desul-immobilier.fr
[2026-01-26 03:52:25] [INFO] Successful login for: admin@eduardo-desul-immobilier.fr
[2026-01-26 12:07:16] [INFO] OTP sent to: admin@eduardo-desul-immobilier.fr
[2026-01-26 12:07:27] [INFO] Successful login for: admin@eduardo-desul-immobilier.fr
[2026-01-26 17:29:33] [WARNING] Unauthorized login attempt: dmin@estimation-immobilier-gironde.fr
[2026-01-26 17:29:37] [WARNING] Unauthorized login attempt: admin@estimation-immobilier-gironde.fr
[2026-01-26 17:30:10] [INFO] OTP sent to: admin@eduardo-desul-immobilier.fr
[2026-01-26 17:30:27] [INFO] Successful login for: admin@eduardo-desul-immobilier.fr
[2026-01-27 15:55:42] [INFO] OTP sent to: admin@eduardo-desul-immobilier.fr
[2026-01-27 15:55:54] [INFO] Successful login for: admin@eduardo-desul-immobilier.fr
[2026-01-27 17:26:00] [INFO] OTP sent to: admin@eduardo-desul-immobilier.fr
[2026-01-27 17:39:10] [WARNING] OTP expired for: admin@eduardo-desul-immobilier.fr
[2026-01-27 17:40:30] [INFO] OTP sent to: admin@eduardo-desul-immobilier.fr
[2026-01-27 17:40:47] [INFO] Successful login for: admin@eduardo-desul-immobilier.fr
[2026-01-28 00:44:13] [INFO] OTP sent to: admin@eduardo-desul-immobilier.fr
[2026-01-28 00:44:25] [INFO] Successful login for: admin@eduardo-desul-immobilier.fr
[2026-01-28 03:44:13] [INFO] OTP sent to: admin@eduardo-desul-immobilier.fr
[2026-01-28 03:44:28] [INFO] Successful login for: admin@eduardo-desul-immobilier.fr
[2026-01-28 20:28:14] [INFO] OTP sent to: admin@eduardo-desul-immobilier.fr
[2026-01-28 20:28:27] [INFO] Successful login for: admin@eduardo-desul-immobilier.fr
[2026-01-29 00:15:41] [INFO] OTP sent to: admin@eduardo-desul-immobilier.fr
[2026-01-29 00:15:57] [INFO] Successful login for: admin@eduardo-desul-immobilier.fr
[2026-01-29 01:55:05] [INFO] OTP sent to: admin@eduardo-desul-immobilier.fr
[2026-01-29 01:55:29] [INFO] Successful login for: admin@eduardo-desul-immobilier.fr
[2026-01-29 02:45:53] [INFO] OTP sent to: admin@eduardo-desul-immobilier.fr
[2026-01-29 02:46:08] [INFO] Successful login for: admin@eduardo-desul-immobilier.fr
[2026-01-29 03:25:35] [INFO] OTP sent to: admin@eduardo-desul-immobilier.fr
[2026-01-29 03:25:46] [INFO] Successful login for: admin@eduardo-desul-immobilier.fr
[2026-01-29 03:27:56] [INFO] OTP sent to: admin@eduardo-desul-immobilier.fr
[2026-01-29 03:28:08] [INFO] Successful login for: admin@eduardo-desul-immobilier.fr
[2026-01-29 14:33:21] [INFO] OTP sent to: admin@eduardo-desul-immobilier.fr
[2026-01-29 14:33:37] [INFO] Successful login for: admin@eduardo-desul-immobilier.fr
[2026-01-30 01:16:43] [INFO] OTP sent to: admin@eduardo-desul-immobilier.fr
[2026-01-30 01:16:55] [INFO] Successful login for: admin@eduardo-desul-immobilier.fr
[2026-01-30 02:39:06] [INFO] OTP sent to: admin@eduardo-desul-immobilier.fr
[2026-01-30 02:39:17] [INFO] Successful login for: admin@eduardo-desul-immobilier.fr
[2026-01-30 09:46:18] [INFO] OTP sent to: admin@eduardo-desul-immobilier.fr
[2026-01-30 09:47:05] [INFO] OTP sent to: admin@eduardo-desul-immobilier.fr
[2026-01-30 09:47:50] [INFO] Successful login for: admin@eduardo-desul-immobilier.fr
[2026-01-31 02:04:51] [INFO] OTP sent to: admin@eduardo-desul-immobilier.fr
[2026-01-31 02:05:05] [INFO] Successful login for: admin@eduardo-desul-immobilier.fr
[2026-01-31 11:31:35] [INFO] OTP sent to: admin@eduardo-desul-immobilier.fr
[2026-01-31 11:32:01] [INFO] Successful login for: admin@eduardo-desul-immobilier.fr
[2026-02-01 00:34:02] [INFO] OTP sent to: admin@eduardo-desul-immobilier.fr
[2026-02-01 00:34:25] [INFO] Successful login for: admin@eduardo-desul-immobilier.fr
[2026-02-01 23:52:07] [INFO] OTP sent to: admin@eduardo-desul-immobilier.fr
[2026-02-01 23:52:19] [INFO] Successful login for: admin@eduardo-desul-immobilier.fr
[2026-02-02 01:25:00] [INFO] OTP sent to: admin@eduardo-desul-immobilier.fr
[2026-02-02 01:25:15] [INFO] Successful login for: admin@eduardo-desul-immobilier.fr
[2026-02-02 01:25:32] [INFO] OTP sent to: admin@eduardo-desul-immobilier.fr
[2026-02-02 01:25:44] [INFO] Successful login for: admin@eduardo-desul-immobilier.fr
[2026-02-02 01:49:06] [INFO] OTP sent to: admin@eduardo-desul-immobilier.fr
[2026-02-02 01:49:17] [INFO] Successful login for: admin@eduardo-desul-immobilier.fr
[2026-02-02 12:38:40] [INFO] OTP sent to: admin@eduardo-desul-immobilier.fr
[2026-02-02 12:39:03] [INFO] Successful login for: admin@eduardo-desul-immobilier.fr
[2026-02-02 13:48:53] [INFO] OTP sent to: admin@eduardo-desul-immobilier.fr
[2026-02-02 13:49:05] [INFO] Successful login for: admin@eduardo-desul-immobilier.fr
[2026-02-02 15:33:53] [INFO] OTP sent to: admin@eduardo-desul-immobilier.fr
[2026-02-02 15:34:06] [INFO] Successful login for: admin@eduardo-desul-immobilier.fr
[2026-02-03 03:17:01] [INFO] OTP sent to: admin@eduardo-desul-immobilier.fr
[2026-02-03 03:17:17] [INFO] Successful login for: admin@eduardo-desul-immobilier.fr
[2026-02-03 04:32:15] [INFO] OTP sent to: admin@eduardo-desul-immobilier.fr
[2026-02-03 04:32:39] [INFO] Successful login for: admin@eduardo-desul-immobilier.fr
[2026-02-03 22:24:32] [INFO] OTP sent to: admin@eduardo-desul-immobilier.fr
[2026-02-03 22:24:46] [INFO] Successful login for: admin@eduardo-desul-immobilier.fr
[2026-02-04 11:20:18] [INFO] OTP sent to: admin@eduardo-desul-immobilier.fr
[2026-02-04 11:20:31] [INFO] Successful login for: admin@eduardo-desul-immobilier.fr
[2026-02-04 12:14:08] [INFO] OTP sent to: admin@eduardo-desul-immobilier.fr
[2026-02-04 12:14:20] [INFO] Successful login for: admin@eduardo-desul-immobilier.fr
[2026-02-04 14:37:31] [INFO] OTP sent to: admin@eduardo-desul-immobilier.fr
[2026-02-04 14:37:53] [INFO] Successful login for: admin@eduardo-desul-immobilier.fr
[2026-02-04 16:51:33] [INFO] OTP sent to: admin@eduardo-desul-immobilier.fr
[2026-02-04 16:51:46] [INFO] Successful login for: admin@eduardo-desul-immobilier.fr
[2026-02-04 23:37:12] [INFO] OTP sent to: admin@eduardo-desul-immobilier.fr
[2026-02-04 23:37:27] [INFO] Successful login for: admin@eduardo-desul-immobilier.fr
[2026-02-05 00:13:25] [INFO] OTP sent to: admin@eduardo-desul-immobilier.fr
[2026-02-05 00:13:38] [INFO] Successful login for: admin@eduardo-desul-immobilier.fr
[2026-02-05 01:14:09] [INFO] OTP sent to: admin@eduardo-desul-immobilier.fr
[2026-02-05 01:14:23] [INFO] Successful login for: admin@eduardo-desul-immobilier.fr
[2026-02-05 12:49:34] [INFO] OTP sent to: admin@eduardo-desul-immobilier.fr
[2026-02-05 12:49:49] [INFO] Successful login for: admin@eduardo-desul-immobilier.fr
[2026-02-06 19:02:35] [INFO] OTP sent to: admin@eduardo-desul-immobilier.fr
[2026-02-06 19:02:53] [INFO] Successful login for: admin@eduardo-desul-immobilier.fr
[2026-02-06 21:33:52] [INFO] OTP sent to: admin@eduardo-desul-immobilier.fr
[2026-02-06 21:34:03] [INFO] Successful login for: admin@eduardo-desul-immobilier.fr
[2026-02-07 00:22:10] [INFO] OTP sent to: admin@eduardo-desul-immobilier.fr
[2026-02-07 00:22:24] [INFO] Successful login for: admin@eduardo-desul-immobilier.fr
[2026-02-07 10:49:57] [INFO] OTP sent to: admin@eduardo-desul-immobilier.fr
[2026-02-07 10:50:31] [INFO] Successful login for: admin@eduardo-desul-immobilier.fr
[2026-02-07 11:57:12] [INFO] OTP sent to: admin@eduardo-desul-immobilier.fr
[2026-02-07 11:57:30] [INFO] Successful login for: admin@eduardo-desul-immobilier.fr
[2026-02-08 01:46:44] [INFO] OTP sent to: admin@eduardo-desul-immobilier.fr
[2026-02-08 01:47:14] [INFO] Successful login for: admin@eduardo-desul-immobilier.fr
[2026-02-08 12:35:14] [INFO] OTP sent to: admin@eduardo-desul-immobilier.fr
[2026-02-08 12:35:26] [INFO] Successful login for: admin@eduardo-desul-immobilier.fr
[2026-02-08 20:56:37] [INFO] OTP sent to: admin@eduardo-desul-immobilier.fr
[2026-02-08 20:56:50] [INFO] Successful login for: admin@eduardo-desul-immobilier.fr
[2026-02-08 22:50:57] [INFO] OTP sent to: admin@eduardo-desul-immobilier.fr
[2026-02-08 22:51:09] [INFO] Successful login for: admin@eduardo-desul-immobilier.fr
[2026-02-10 00:58:32] [INFO] OTP sent to: admin@eduardo-desul-immobilier.fr
[2026-02-10 00:58:47] [INFO] Successful login for: admin@eduardo-desul-immobilier.fr
[2026-02-10 01:51:05] [INFO] OTP sent to: admin@eduardo-desul-immobilier.fr
[2026-02-10 01:51:21] [INFO] Successful login for: admin@eduardo-desul-immobilier.fr
[2026-02-10 22:15:29] [INFO] OTP sent to: admin@eduardo-desul-immobilier.fr
[2026-02-10 22:15:41] [INFO] Successful login for: admin@eduardo-desul-immobilier.fr
[2026-02-11 00:04:09] [INFO] OTP sent to: admin@eduardo-desul-immobilier.fr
[2026-02-11 00:04:19] [INFO] Successful login for: admin@eduardo-desul-immobilier.fr
[2026-02-11 02:33:29] [INFO] OTP sent to: admin@eduardo-desul-immobilier.fr
[2026-02-11 02:33:46] [INFO] Successful login for: admin@eduardo-desul-immobilier.fr
[2026-02-11 12:09:54] [INFO] OTP sent to: admin@eduardo-desul-immobilier.fr
[2026-02-11 12:10:05] [INFO] Successful login for: admin@eduardo-desul-immobilier.fr
[2026-02-11 14:24:17] [INFO] OTP sent to: admin@eduardo-desul-immobilier.fr
[2026-02-11 14:24:33] [INFO] Successful login for: admin@eduardo-desul-immobilier.fr
[2026-02-11 16:21:19] [INFO] OTP sent to: admin@eduardo-desul-immobilier.fr
[2026-02-11 16:21:55] [INFO] Successful login for: admin@eduardo-desul-immobilier.fr
[2026-02-12 00:00:49] [WARNING] Unauthorized login attempt: admin@estimation-immobilier-bordeaux.fr
[2026-02-12 00:02:05] [INFO] OTP sent to: admin@eduardo-desul-immobilier.fr
[2026-02-12 00:02:19] [INFO] Successful login for: admin@eduardo-desul-immobilier.fr
[2026-02-12 01:06:45] [INFO] OTP sent to: admin@eduardo-desul-immobilier.fr
[2026-02-12 01:07:17] [INFO] Successful login for: admin@eduardo-desul-immobilier.fr
[2026-02-12 14:52:43] [INFO] OTP sent to: admin@eduardo-desul-immobilier.fr
[2026-02-12 14:52:58] [INFO] Successful login for: admin@eduardo-desul-immobilier.fr
[2026-02-14 11:09:51] [INFO] OTP sent to: admin@eduardo-desul-immobilier.fr
[2026-02-14 11:16:26] [INFO] Successful login for: admin@eduardo-desul-immobilier.fr
[2026-02-15 01:15:22] [INFO] OTP sent to: admin@eduardo-desul-immobilier.fr
[2026-02-15 01:15:37] [INFO] Successful login for: admin@eduardo-desul-immobilier.fr
[2026-02-15 02:01:56] [INFO] OTP sent to: admin@eduardo-desul-immobilier.fr
[2026-02-15 02:02:11] [INFO] Successful login for: admin@eduardo-desul-immobilier.fr
[2026-02-16 01:25:11] [INFO] OTP sent to: admin@eduardo-desul-immobilier.fr
[2026-02-16 01:25:28] [INFO] Successful login for: admin@eduardo-desul-immobilier.fr
[2026-02-19 01:47:05] [INFO] OTP sent to: admin@eduardo-desul-immobilier.fr
[2026-02-19 01:47:18] [INFO] Successful login for: admin@eduardo-desul-immobilier.fr
[2026-02-23 22:30:28] [INFO] OTP sent to: admin@eduardo-desul-immobilier.fr
[2026-02-23 22:30:49] [INFO] Successful login for: admin@eduardo-desul-immobilier.fr
[2026-02-24 15:06:45] [INFO] OTP sent to: admin@eduardo-desul-immobilier.fr
[2026-02-24 15:06:59] [INFO] Successful login for: admin@eduardo-desul-immobilier.fr
[2026-02-24 16:17:24] [INFO] OTP sent to: admin@eduardo-desul-immobilier.fr
[2026-02-24 16:17:39] [INFO] Successful login for: admin@eduardo-desul-immobilier.fr
[2026-02-25 14:58:41] [INFO] OTP sent to: admin@eduardo-desul-immobilier.fr
[2026-02-25 14:59:00] [INFO] Successful login for: admin@eduardo-desul-immobilier.fr
[2026-02-25 16:00:04] [INFO] OTP sent to: admin@eduardo-desul-immobilier.fr
[2026-02-25 16:00:18] [INFO] Successful login for: admin@eduardo-desul-immobilier.fr
[2026-02-25 18:52:28] [INFO] OTP sent to: admin@eduardo-desul-immobilier.fr
[2026-02-25 18:52:41] [INFO] Successful login for: admin@eduardo-desul-immobilier.fr
[2026-02-26 17:08:22] [INFO] OTP sent to: admin@eduardo-desul-immobilier.fr
[2026-02-26 17:08:36] [INFO] Successful login for: admin@eduardo-desul-immobilier.fr
[2026-02-26 22:23:18] [INFO] OTP sent to: admin@eduardo-desul-immobilier.fr
[2026-02-26 22:23:30] [INFO] Successful login for: admin@eduardo-desul-immobilier.fr
[2026-02-27 11:14:37] [INFO] OTP sent to: admin@eduardo-desul-immobilier.fr
[2026-02-27 11:14:55] [INFO] Successful login for: admin@eduardo-desul-immobilier.fr
[2026-02-27 13:03:05] [INFO] OTP sent to: admin@eduardo-desul-immobilier.fr
[2026-02-27 13:03:19] [INFO] Successful login for: admin@eduardo-desul-immobilier.fr
[2026-02-27 14:11:41] [INFO] OTP sent to: admin@eduardo-desul-immobilier.fr
[2026-02-27 14:11:59] [INFO] Successful login for: admin@eduardo-desul-immobilier.fr
[2026-02-27 15:25:28] [INFO] OTP sent to: admin@eduardo-desul-immobilier.fr
[2026-02-27 15:25:39] [INFO] Successful login for: admin@eduardo-desul-immobilier.fr
[2026-02-27 19:21:05] [INFO] OTP sent to: admin@eduardo-desul-immobilier.fr
[2026-02-27 19:21:22] [INFO] Successful login for: admin@eduardo-desul-immobilier.fr
[2026-02-27 20:55:26] [INFO] OTP sent to: admin@eduardo-desul-immobilier.fr
[2026-02-27 20:55:40] [INFO] Successful login for: admin@eduardo-desul-immobilier.fr
[2026-02-28 14:13:46] [INFO] OTP sent to: admin@eduardo-desul-immobilier.fr
[2026-02-28 14:13:58] [INFO] Successful login for: admin@eduardo-desul-immobilier.fr
[2026-03-01 13:02:11] [INFO] OTP sent to: admin@eduardo-desul-immobilier.fr
[2026-03-01 13:02:24] [INFO] Successful login for: admin@eduardo-desul-immobilier.fr
[2026-03-01 16:11:00] [INFO] OTP sent to: admin@eduardo-desul-immobilier.fr
[2026-03-01 16:11:18] [INFO] Successful login for: admin@eduardo-desul-immobilier.fr
[2026-03-01 20:14:04] [INFO] OTP sent to: admin@eduardo-desul-immobilier.fr
[2026-03-01 20:14:18] [INFO] Successful login for: admin@eduardo-desul-immobilier.fr
[2026-03-02 10:30:34] [INFO] OTP sent to: admin@eduardo-desul-immobilier.fr
[2026-03-02 10:30:51] [INFO] Successful login for: admin@eduardo-desul-immobilier.fr
[2026-03-02 13:35:29] [INFO] OTP sent to: admin@eduardo-desul-immobilier.fr
[2026-03-02 13:35:43] [INFO] Successful login for: admin@eduardo-desul-immobilier.fr
[2026-03-02 22:33:25] [INFO] OTP sent to: admin@eduardo-desul-immobilier.fr
[2026-03-02 22:33:36] [INFO] Successful login for: admin@eduardo-desul-immobilier.fr
[2026-03-02 23:31:48] [WARNING] Unauthorized login attempt: admin@ecosystemeimmo.fr
[2026-03-02 23:31:55] [INFO] OTP sent to: admin@eduardo-desul-immobilier.fr
[2026-03-02 23:32:12] [INFO] Successful login for: admin@eduardo-desul-immobilier.fr
[2026-03-03 00:30:38] [INFO] OTP sent to: admin@eduardo-desul-immobilier.fr
[2026-03-03 00:30:50] [INFO] Successful login for: admin@eduardo-desul-immobilier.fr
[2026-03-03 02:05:03] [INFO] OTP sent to: admin@eduardo-desul-immobilier.fr
[2026-03-03 02:05:15] [INFO] Successful login for: admin@eduardo-desul-immobilier.fr
[2026-03-03 03:13:04] [INFO] OTP sent to: admin@eduardo-desul-immobilier.fr
[2026-03-03 03:13:18] [INFO] Successful login for: admin@eduardo-desul-immobilier.fr
[2026-03-03 14:33:20] [INFO] OTP sent to: admin@eduardo-desul-immobilier.fr
[2026-03-03 14:33:33] [INFO] Successful login for: admin@eduardo-desul-immobilier.fr
[2026-03-03 15:32:06] [INFO] OTP sent to: admin@eduardo-desul-immobilier.fr
[2026-03-03 15:32:30] [INFO] Successful login for: admin@eduardo-desul-immobilier.fr
[2026-03-03 19:52:17] [INFO] OTP sent to: admin@eduardo-desul-immobilier.fr
[2026-03-03 19:52:40] [INFO] Successful login for: admin@eduardo-desul-immobilier.fr
[2026-03-03 20:37:38] [INFO] OTP sent to: admin@eduardo-desul-immobilier.fr
[2026-03-03 20:37:58] [INFO] Successful login for: admin@eduardo-desul-immobilier.fr
[2026-03-04 00:50:42] [INFO] OTP sent to: admin@eduardo-desul-immobilier.fr
[2026-03-04 00:50:57] [INFO] Successful login for: admin@eduardo-desul-immobilier.fr
[2026-03-04 03:56:14] [INFO] OTP sent to: admin@eduardo-desul-immobilier.fr
[2026-03-04 03:56:29] [INFO] Successful login for: admin@eduardo-desul-immobilier.fr
[2026-03-04 10:46:32] [INFO] OTP sent to: admin@eduardo-desul-immobilier.fr
[2026-03-04 10:46:45] [INFO] Successful login for: admin@eduardo-desul-immobilier.fr
[2026-03-04 15:31:20] [INFO] OTP sent to: admin@eduardo-desul-immobilier.fr
[2026-03-04 15:31:36] [INFO] Successful login for: admin@eduardo-desul-immobilier.fr
[2026-03-04 17:36:27] [INFO] OTP sent to: admin@eduardo-desul-immobilier.fr
[2026-03-04 17:36:58] [INFO] Successful login for: admin@eduardo-desul-immobilier.fr
[2026-03-05 18:29:12] [INFO] OTP sent to: admin@eduardo-desul-immobilier.fr
[2026-03-05 18:29:27] [INFO] Successful login for: admin@eduardo-desul-immobilier.fr
[2026-03-05 19:20:20] [INFO] OTP sent to: admin@eduardo-desul-immobilier.fr
[2026-03-05 19:20:45] [INFO] Successful login for: admin@eduardo-desul-immobilier.fr
[2026-03-06 08:11:55] [INFO] OTP sent to: admin@eduardo-desul-immobilier.fr
[2026-03-06 08:12:11] [INFO] Successful login for: admin@eduardo-desul-immobilier.fr
[2026-03-06 14:33:39] [INFO] OTP sent to: admin@eduardo-desul-immobilier.fr
[2026-03-06 14:33:55] [INFO] Successful login for: admin@eduardo-desul-immobilier.fr
[2026-03-06 16:05:29] [INFO] OTP sent to: admin@eduardo-desul-immobilier.fr
[2026-03-06 16:05:41] [INFO] Successful login for: admin@eduardo-desul-immobilier.fr
[2026-03-06 17:40:38] [INFO] OTP sent to: admin@eduardo-desul-immobilier.fr
[2026-03-06 17:40:52] [INFO] Successful login for: admin@eduardo-desul-immobilier.fr
[2026-03-06 18:04:44] [INFO] OTP sent to: admin@eduardo-desul-immobilier.fr
[2026-03-06 18:04:57] [INFO] Successful login for: admin@eduardo-desul-immobilier.fr
[2026-03-06 20:45:11] [INFO] OTP sent to: admin@eduardo-desul-immobilier.fr
[2026-03-06 20:45:23] [INFO] Successful login for: admin@eduardo-desul-immobilier.fr
[2026-03-07 00:48:10] [INFO] OTP sent to: admin@eduardo-desul-immobilier.fr
[2026-03-07 00:48:21] [INFO] Successful login for: admin@eduardo-desul-immobilier.fr
[2026-03-07 04:43:00] [INFO] OTP sent to: admin@eduardo-desul-immobilier.fr
[2026-03-07 04:43:11] [INFO] Successful login for: admin@eduardo-desul-immobilier.fr
[2026-03-07 04:48:12] [INFO] OTP sent to: admin@eduardo-desul-immobilier.fr
[2026-03-07 04:48:35] [INFO] Successful login for: admin@eduardo-desul-immobilier.fr
[2026-03-07 12:21:59] [INFO] OTP sent to: admin@eduardo-desul-immobilier.fr
[2026-03-07 12:22:12] [INFO] Successful login for: admin@eduardo-desul-immobilier.fr
[2026-03-07 22:16:01] [INFO] OTP sent to: admin@eduardo-desul-immobilier.fr
[2026-03-07 22:16:13] [INFO] Successful login for: admin@eduardo-desul-immobilier.fr
[2026-03-08 05:12:22] [INFO] OTP sent to: admin@eduardo-desul-immobilier.fr
[2026-03-08 05:12:34] [INFO] Successful login for: admin@eduardo-desul-immobilier.fr
[2026-03-08 12:34:27] [INFO] OTP sent to: admin@eduardo-desul-immobilier.fr
[2026-03-08 12:34:52] [INFO] Successful login for: admin@eduardo-desul-immobilier.fr
[2026-03-08 13:36:57] [INFO] OTP sent to: admin@eduardo-desul-immobilier.fr
[2026-03-08 13:37:11] [INFO] Successful login for: admin@eduardo-desul-immobilier.fr
[2026-03-09 00:01:02] [INFO] OTP sent to: admin@eduardo-desul-immobilier.fr
[2026-03-09 00:01:15] [INFO] Successful login for: admin@eduardo-desul-immobilier.fr
[2026-03-09 00:59:45] [INFO] OTP sent to: admin@eduardo-desul-immobilier.fr
[2026-03-09 00:59:56] [INFO] Successful login for: admin@eduardo-desul-immobilier.fr
[2026-03-09 11:22:23] [INFO] OTP sent to: admin@eduardo-desul-immobilier.fr
[2026-03-09 11:22:35] [INFO] Successful login for: admin@eduardo-desul-immobilier.fr
[2026-03-09 15:04:34] [INFO] OTP sent to: admin@eduardo-desul-immobilier.fr
[2026-03-09 15:04:54] [INFO] Successful login for: admin@eduardo-desul-immobilier.fr
